0 info it worked if it ends with ok
1 verbose cli [ 'D:\\Program Files\\nodejs\\node.exe',
1 verbose cli   'D:\\Program Files\\nodejs\\node_modules\\npm\\bin\\npm-cli.js',
1 verbose cli   'start' ]
2 info using npm@3.10.10
3 info using node@v6.11.2
4 verbose run-script [ 'prestart', 'start', 'poststart' ]
5 info lifecycle login-mlab@1.0.0~prestart: login-mlab@1.0.0
6 silly lifecycle login-mlab@1.0.0~prestart: no script for prestart, continuing
7 info lifecycle login-mlab@1.0.0~start: login-mlab@1.0.0
8 verbose lifecycle login-mlab@1.0.0~start: unsafe-perm in lifecycle true
9 verbose lifecycle login-mlab@1.0.0~start: PATH: D:\Program Files\nodejs\node_modules\npm\bin\node-gyp-bin;E:\React Native\login-mlab-master\node_modules\.bin;C:\ProgramData\Oracle\Java\javapath;C:\Program Files (x86)\Intel\iCLS Client\;C:\Program Files\Intel\iCLS Client\;C:\WINDOWS\system32;C:\WINDOWS;C:\WINDOWS\System32\Wbem;C:\WINDOWS\System32\WindowsPowerShell\v1.0\;C:\Program Files (x86)\Intel\Intel(R) Management Engine Components\DAL;C:\Program Files\Intel\Intel(R) Management Engine Components\DAL;C:\Program Files (x86)\Intel\Intel(R) Management Engine Components\IPT;C:\Program Files\Intel\Intel(R) Management Engine Components\IPT;D:\Program Files\nodejs\;d:\Program Files\Git\cmd;C:\Program Files (x86)\Skype\Phone\;C:\Users\MUBASHIR\AppData\Roaming\npm;D:\Program Files (x86)\Android\android-sdk\platform-tools;d:\Program Files (x86)\Microsoft VS Code\bin
10 verbose lifecycle login-mlab@1.0.0~start: CWD: E:\React Native\login-mlab-master
11 silly lifecycle login-mlab@1.0.0~start: Args: [ '/d /s /c', 'babel-node index.js' ]
12 silly lifecycle login-mlab@1.0.0~start: Returned: code: 3  signal: null
13 info lifecycle login-mlab@1.0.0~start: Failed to exec start script
14 verbose stack Error: login-mlab@1.0.0 start: `babel-node index.js`
14 verbose stack Exit status 3
14 verbose stack     at EventEmitter.<anonymous> (D:\Program Files\nodejs\node_modules\npm\lib\utils\lifecycle.js:255:16)
14 verbose stack     at emitTwo (events.js:106:13)
14 verbose stack     at EventEmitter.emit (events.js:191:7)
14 verbose stack     at ChildProcess.<anonymous> (D:\Program Files\nodejs\node_modules\npm\lib\utils\spawn.js:40:14)
14 verbose stack     at emitTwo (events.js:106:13)
14 verbose stack     at ChildProcess.emit (events.js:191:7)
14 verbose stack     at maybeClose (internal/child_process.js:891:16)
14 verbose stack     at Process.ChildProcess._handle.onexit (internal/child_process.js:226:5)
15 verbose pkgid login-mlab@1.0.0
16 verbose cwd E:\React Native\login-mlab-master
17 error Windows_NT 10.0.10586
18 error argv "D:\\Program Files\\nodejs\\node.exe" "D:\\Program Files\\nodejs\\node_modules\\npm\\bin\\npm-cli.js" "start"
19 error node v6.11.2
20 error npm  v3.10.10
21 error code ELIFECYCLE
22 error login-mlab@1.0.0 start: `babel-node index.js`
22 error Exit status 3
23 error Failed at the login-mlab@1.0.0 start script 'babel-node index.js'.
23 error Make sure you have the latest version of node.js and npm installed.
23 error If you do, this is most likely a problem with the login-mlab package,
23 error not with npm itself.
23 error Tell the author that this fails on your system:
23 error     babel-node index.js
23 error You can get information on how to open an issue for this project with:
23 error     npm bugs login-mlab
23 error Or if that isn't available, you can get their info via:
23 error     npm owner ls login-mlab
23 error There is likely additional logging output above.
24 verbose exit [ 1, true ]
